-------------------------------------------------------------------------------
Test set: com.denariusdata.pairwise.CheckoutExhaustiveTest
-------------------------------------------------------------------------------
Tests run: 27, Failures: 3, Errors: 0, Skipped: 0, Time elapsed: 0.182 s <<< FAILURE! -- in com.denariusdata.pairwise.CheckoutExhaustiveTest
com.denariusdata.pairwise.CheckoutExhaustiveTest.todasAsCombinacoes -- Time elapsed: 0.013 s <<< FAILURE!
org.opentest4j.AssertionFailedError: Total não pode passar de 140: 1134.8 ==> expected: <true> but was: <false>
	at org.junit.jupiter.api.AssertionFailureBuilder.build(AssertionFailureBuilder.java:151)
	at org.junit.jupiter.api.AssertionFailureBuilder.buildAndThrow(AssertionFailureBuilder.java:132)
	at org.junit.jupiter.api.AssertTrue.failNotTrue(AssertTrue.java:63)
	at org.junit.jupiter.api.AssertTrue.assertTrue(AssertTrue.java:36)
	at org.junit.jupiter.api.Assertions.assertTrue(Assertions.java:214)
	at com.denariusdata.pairwise.CheckoutExhaustiveTest.lambda$0(CheckoutExhaustiveTest.java:48)
	at java.base/java.util.Optional.ifPresent(Optional.java:178)
	at java.base/java.util.ArrayList.forEach(ArrayList.java:1596)
	at java.base/java.util.ArrayList.forEach(ArrayList.java:1596)

com.denariusdata.pairwise.CheckoutExhaustiveTest.todasAsCombinacoes -- Time elapsed: 0.002 s <<< FAILURE!
org.opentest4j.AssertionFailedError: Total não pode passar de 140: 1128.01 ==> expected: <true> but was: <false>
	at org.junit.jupiter.api.AssertionFailureBuilder.build(AssertionFailureBuilder.java:151)
	at org.junit.jupiter.api.AssertionFailureBuilder.buildAndThrow(AssertionFailureBuilder.java:132)
	at org.junit.jupiter.api.AssertTrue.failNotTrue(AssertTrue.java:63)
	at org.junit.jupiter.api.AssertTrue.assertTrue(AssertTrue.java:36)
	at org.junit.jupiter.api.Assertions.assertTrue(Assertions.java:214)
	at com.denariusdata.pairwise.CheckoutExhaustiveTest.lambda$0(CheckoutExhaustiveTest.java:48)
	at java.base/java.util.Optional.ifPresent(Optional.java:178)
	at java.base/java.util.ArrayList.forEach(ArrayList.java:1596)
	at java.base/java.util.ArrayList.forEach(ArrayList.java:1596)

com.denariusdata.pairwise.CheckoutExhaustiveTest.todasAsCombinacoes -- Time elapsed: 0.004 s <<< FAILURE!
org.opentest4j.AssertionFailedError: Total não pode passar de 140: 1121.22 ==> expected: <true> but was: <false>
	at org.junit.jupiter.api.AssertionFailureBuilder.build(AssertionFailureBuilder.java:151)
	at org.junit.jupiter.api.AssertionFailureBuilder.buildAndThrow(AssertionFailureBuilder.java:132)
	at org.junit.jupiter.api.AssertTrue.failNotTrue(AssertTrue.java:63)
	at org.junit.jupiter.api.AssertTrue.assertTrue(AssertTrue.java:36)
	at org.junit.jupiter.api.Assertions.assertTrue(Assertions.java:214)
	at com.denariusdata.pairwise.CheckoutExhaustiveTest.lambda$0(CheckoutExhaustiveTest.java:48)
	at java.base/java.util.Optional.ifPresent(Optional.java:178)
	at java.base/java.util.ArrayList.forEach(ArrayList.java:1596)
	at java.base/java.util.ArrayList.forEach(ArrayList.java:1596)

