<?xml version="1.0" encoding="UTF-8"?>
<testsuite xmlns:xsi="http://www.w3.org/2001/XMLSchema-instance" xsi:noNamespaceSchemaLocation="https://maven.apache.org/surefire/maven-surefire-plugin/xsd/surefire-test-report-3.0.xsd" version="3.0" name="com.denariusdata.pairwise.CheckoutExhaustiveTest" time="0.182" tests="27" errors="0" skipped="0" failures="3">
  <properties>
[...]
</properties>
  <testcase name="todasAsCombinacoes" classname="com.denariusdata.pairwise.CheckoutExhaustiveTest" time="0.024"/>
  <testcase name="todasAsCombinacoes" classname="com.denariusdata.pairwise.CheckoutExhaustiveTest" time="0.001"/>
  <testcase name="todasAsCombinacoes" classname="com.denariusdata.pairwise.CheckoutExhaustiveTest" time="0.001"/>
  <testcase name="todasAsCombinacoes" classname="com.denariusdata.pairwise.CheckoutExhaustiveTest" time="0.001"/>
  <testcase name="todasAsCombinacoes" classname="com.denariusdata.pairwise.CheckoutExhaustiveTest" time="0.001"/>
  <testcase name="todasAsCombinacoes" classname="com.denariusdata.pairwise.CheckoutExhaustiveTest" time="0.001"/>
  <testcase name="todasAsCombinacoes" classname="com.denariusdata.pairwise.CheckoutExhaustiveTest" time="0.002"/>
  <testcase name="todasAsCombinacoes" classname="com.denariusdata.pairwise.CheckoutExhaustiveTest" time="0.001"/>
  <testcase name="todasAsCombinacoes" classname="com.denariusdata.pairwise.CheckoutExhaustiveTest" time="0.001"/>
  <testcase name="todasAsCombinacoes" classname="com.denariusdata.pairwise.CheckoutExhaustiveTest" time="0.001"/>
  <testcase name="todasAsCombinacoes" classname="com.denariusdata.pairwise.CheckoutExhaustiveTest" time="0.002"/>
  <testcase name="todasAsCombinacoes" classname="com.denariusdata.pairwise.CheckoutExhaustiveTest" time="0.001"/>
  <testcase name="todasAsCombinacoes" classname="com.denariusdata.pairwise.CheckoutExhaustiveTest" time="0.013">
    <failure message="Total não pode passar de 140: 1134.8 ==&gt; expected: &lt;true&gt; but was: &lt;false&gt;" type="org.opentest4j.AssertionFailedError"><![CDATA[org.opentest4j.AssertionFailedError: Total não pode passar de 140: 1134.8 ==> expected: <true> but was: <false>
	at org.junit.jupiter.api.AssertionFailureBuilder.build(AssertionFailureBuilder.java:151)
	at org.junit.jupiter.api.AssertionFailureBuilder.buildAndThrow(AssertionFailureBuilder.java:132)
	at org.junit.jupiter.api.AssertTrue.failNotTrue(AssertTrue.java:63)
	at org.junit.jupiter.api.AssertTrue.assertTrue(AssertTrue.java:36)
	at org.junit.jupiter.api.Assertions.assertTrue(Assertions.java:214)
	at com.denariusdata.pairwise.CheckoutExhaustiveTest.lambda$0(CheckoutExhaustiveTest.java:48)
	at java.base/java.util.Optional.ifPresent(Optional.java:178)
	at java.base/java.util.ArrayList.forEach(ArrayList.java:1596)
	at java.base/java.util.ArrayList.forEach(ArrayList.java:1596)
]]></failure>
  </testcase>
  <testcase name="todasAsCombinacoes" classname="com.denariusdata.pairwise.CheckoutExhaustiveTest" time="0.002">
    <failure message="Total não pode passar de 140: 1128.01 ==&gt; expected: &lt;true&gt; but was: &lt;false&gt;" type="org.opentest4j.AssertionFailedError"><![CDATA[org.opentest4j.AssertionFailedError: Total não pode passar de 140: 1128.01 ==> expected: <true> but was: <false>
	at org.junit.jupiter.api.AssertionFailureBuilder.build(AssertionFailureBuilder.java:151)
	at org.junit.jupiter.api.AssertionFailureBuilder.buildAndThrow(AssertionFailureBuilder.java:132)
	at org.junit.jupiter.api.AssertTrue.failNotTrue(AssertTrue.java:63)
	at org.junit.jupiter.api.AssertTrue.assertTrue(AssertTrue.java:36)
	at org.junit.jupiter.api.Assertions.assertTrue(Assertions.java:214)
	at com.denariusdata.pairwise.CheckoutExhaustiveTest.lambda$0(CheckoutExhaustiveTest.java:48)
	at java.base/java.util.Optional.ifPresent(Optional.java:178)
	at java.base/java.util.ArrayList.forEach(ArrayList.java:1596)
	at java.base/java.util.ArrayList.forEach(ArrayList.java:1596)
]]></failure>
  </testcase>
  <testcase name="todasAsCombinacoes" classname="com.denariusdata.pairwise.CheckoutExhaustiveTest" time="0.004">
    <failure message="Total não pode passar de 140: 1121.22 ==&gt; expected: &lt;true&gt; but was: &lt;false&gt;" type="org.opentest4j.AssertionFailedError"><![CDATA[org.opentest4j.AssertionFailedError: Total não pode passar de 140: 1121.22 ==> expected: <true> but was: <false>
	at org.junit.jupiter.api.AssertionFailureBuilder.build(AssertionFailureBuilder.java:151)
	at org.junit.jupiter.api.AssertionFailureBuilder.buildAndThrow(AssertionFailureBuilder.java:132)
	at org.junit.jupiter.api.AssertTrue.failNotTrue(AssertTrue.java:63)
	at org.junit.jupiter.api.AssertTrue.assertTrue(AssertTrue.java:36)
	at org.junit.jupiter.api.Assertions.assertTrue(Assertions.java:214)
	at com.denariusdata.pairwise.CheckoutExhaustiveTest.lambda$0(CheckoutExhaustiveTest.java:48)
	at java.base/java.util.Optional.ifPresent(Optional.java:178)
	at java.base/java.util.ArrayList.forEach(ArrayList.java:1596)
	at java.base/java.util.ArrayList.forEach(ArrayList.java:1596)
]]></failure>
  </testcase>
  <testcase name="todasAsCombinacoes" classname="com.denariusdata.pairwise.CheckoutExhaustiveTest" time="0.002"/>
  <testcase name="todasAsCombinacoes" classname="com.denariusdata.pairwise.CheckoutExhaustiveTest" time="0.001"/>
  <testcase name="todasAsCombinacoes" classname="com.denariusdata.pairwise.CheckoutExhaustiveTest" time="0.001"/>
  <testcase name="todasAsCombinacoes" classname="com.denariusdata.pairwise.CheckoutExhaustiveTest" time="0.002"/>
  <testcase name="todasAsCombinacoes" classname="com.denariusdata.pairwise.CheckoutExhaustiveTest" time="0.001"/>
  <testcase name="todasAsCombinacoes" classname="com.denariusdata.pairwise.CheckoutExhaustiveTest" time="0.0"/>
  <testcase name="todasAsCombinacoes" classname="com.denariusdata.pairwise.CheckoutExhaustiveTest" time="0.001"/>
  <testcase name="todasAsCombinacoes" classname="com.denariusdata.pairwise.CheckoutExhaustiveTest" time="0.001"/>
  <testcase name="todasAsCombinacoes" classname="com.denariusdata.pairwise.CheckoutExhaustiveTest" time="0.001"/>
  <testcase name="todasAsCombinacoes" classname="com.denariusdata.pairwise.CheckoutExhaustiveTest" time="0.001"/>
  <testcase name="todasAsCombinacoes" classname="com.denariusdata.pairwise.CheckoutExhaustiveTest" time="0.0"/>
  <testcase name="todasAsCombinacoes" classname="com.denariusdata.pairwise.CheckoutExhaustiveTest" time="0.001"/>
</testsuite>